<?xml version="1.0" encoding="UTF-8"?>
<coverage generated="1655689067311" clover="3.2.0">
  <project timestamp="1655689067311" name="All files">
    <metrics statements="6" coveredstatements="3" conditionals="0" coveredconditionals="0" methods="1" coveredmethods="0" elements="7" coveredelements="3" complexity="0" loc="6" ncloc="6" packages="1" files="1" classes="1"/>
    <file name="add.js" path="C:\Users\letth\Documents\project\unit-basic\src\add.js">
      <metrics statements="6" coveredstatements="3" conditionals="0" coveredconditionals="0" methods="1" coveredmethods="0"/>
      <line num="1" count="0" type="stmt"/>
      <line num="2" count="0" type="stmt"/>
      <line num="3" count="0" type="stmt"/>
      <line num="4" count="1" type="stmt"/>
      <line num="5" count="1" type="stmt"/>
      <line num="6" count="1" type="stmt"/>
    </file>
  </project>
</coverage>
